<?xml version="1.0" encoding="UTF-8"?>
<!-- Generated by org.testng.reporters.JUnitXMLReporter -->
<testsuite ignored="0" hostname="PC" failures="0" tests="3" name="Default test" time="0.106" errors="0" timestamp="21 Jan. 2021 21:17:11 GMT">
  <testcase classname="com.testCases.GithubDeneme" name="github" time="0.05"/>
  <testcase classname="com.testCases.GithubDeneme" name="github12" time="0.002"/>
  <testcase classname="com.testCases.GithubDeneme" name="githubdifererefds" time="0.002"/>
</testsuite> <!-- Default test -->
