<?xml version="1.0" encoding="UTF-8"?>
<testng-results ignored="0" total="1" passed="1" failed="0" skipped="0">
  <reporter-output>
  </reporter-output>
  <suite started-at="2021-01-15T02:25:56Z" name="Default suite" finished-at="2021-01-15T02:25:56Z" duration-ms="91">
    <groups>
    </groups>
    <test started-at="2021-01-15T02:25:56Z" name="Default test" finished-at="2021-01-15T02:25:56Z" duration-ms="91">
      <class name="com.testCases.GithubDeneme">
        <test-method signature="github()[pri:0, instance:com.testCases.GithubDeneme@12a94400]" started-at="2021-01-15T02:25:56Z" name="github" finished-at="2021-01-15T02:25:56Z" duration-ms="37" status="PASS">
          <reporter-output>
          </reporter-output>
        </test-method> <!-- github -->
      </class> <!-- com.testCases.GithubDeneme -->
    </test> <!-- Default test -->
  </suite> <!-- Default suite -->
</testng-results>
